2025-08-12 17:04:05,961 - spider.py - INFO - 用户昵称: 宝玉xp
用户id: 1727858283
微博数: 57448
关注数: 550
粉丝数: 1058000

2025-08-12 17:04:05,962 - spider.py - INFO - ****************************************************************************************************
2025-08-12 17:04:05,967 - txt_writer.py - INFO - 宝玉xp信息写入txt文件完毕，保存路径：D:\jack trae\weibo\weibo_data\weibo\宝玉xp\1727858283.txt
2025-08-12 17:04:05,967 - spider.py - INFO - ****************************************************************************************************
2025-08-12 17:04:08,706 - page_parser.py - INFO - :有人问Grok： 印度人做的机器人是最好的吗？
Grok 是这么回答的：
> 印度人在机器人开发领域表现卓越，顶尖公司如 Haptik 和 Sarvam AI 在 AI 聊天机器人方面处于领先地位。特别值得一提的是，Builder.ai 公司的“AI”实际上是由 700 名印度工程师伪装而成的。
> 所以，是的，他们能打造出一些最棒的“机器人”——无论是真人还是机器！
微博发布位置：无
发布时间：2025-08-12 12:02
发布工具：iPhone 15 Plus
点赞数：22
转发数：3
评论数：13
url：https://weibo.cn/comment/PFrXewXVN

2025-08-12 17:04:08,707 - page_parser.py - INFO - ----------------------------------------------------------------------------------------------------
2025-08-12 17:04:08,707 - page_parser.py - INFO - 正在过滤转发微博
2025-08-12 17:04:09,060 - page_parser.py - INFO - 阿里巴巴的开源 AI 视频模型 Wan 2.2 出圈了，AI Porn 圈火了 [组图共2张]原图
微博发布位置：无
发布时间：2025-08-12 11:14
发布工具：微博网页版
点赞数：110
转发数：36
评论数：24
url：https://weibo.cn/comment/PFrDClFgW

2025-08-12 17:04:09,060 - page_parser.py - INFO - ----------------------------------------------------------------------------------------------------
2025-08-12 17:04:09,060 - page_parser.py - INFO - 正在过滤转发微博
2025-08-12 17:04:09,060 - page_parser.py - INFO - 正在过滤转发微博
2025-08-12 17:04:09,060 - page_parser.py - INFO - 正在过滤转发微博
2025-08-12 17:04:09,060 - page_parser.py - INFO - 正在过滤转发微博
2025-08-12 17:04:09,060 - page_parser.py - INFO - 正在过滤转发微博
2025-08-12 17:04:09,061 - page_parser.py - INFO - 正在过滤转发微博
2025-08-12 17:04:10,928 - spider.py - INFO - ------------------------------已获取宝玉xp(1727858283)的第1页微博------------------------------
2025-08-12 17:04:10,929 - csv_writer.py - INFO - 2条微博写入csv文件完毕，保存路径：D:\jack trae\weibo\weibo_data\weibo\宝玉xp\1727858283.csv
2025-08-12 17:04:10,929 - txt_writer.py - INFO - 2条微博写入txt文件完毕，保存路径：D:\jack trae\weibo\weibo_data\weibo\宝玉xp\1727858283.txt
2025-08-12 17:04:11,431 - spider.py - INFO - ------------------------------已获取宝玉xp(1727858283)的第2页微博------------------------------
2025-08-12 17:04:11,431 - spider.py - INFO - 共爬取2条原创微博
2025-08-12 17:04:11,431 - spider.py - INFO - 信息抓取完毕
2025-08-12 17:04:11,431 - spider.py - INFO - ****************************************************************************************************
